2013-04-19 3:07:14 - INFO  --> accept Match fehlgeschlagen: SteamID:76561198047012055 MatchID:162 
2013-04-19 3:07:18 - INFO  --> accept Match fehlgeschlagen: SteamID:76561198047012055 MatchID:162 
2013-04-19 3:07:21 - INFO  --> accept Match fehlgeschlagen: SteamID:76561198047012055 MatchID:162 
2013-04-19 3:07:22 - INFO  --> accept Match fehlgeschlagen: SteamID:76561198047012055 MatchID:162 
2013-04-19 3:07:22 - INFO  --> accept Match fehlgeschlagen: SteamID:76561198047012055 MatchID:162 
2013-04-19 3:07:23 - INFO  --> accept Match fehlgeschlagen: SteamID:76561198047012055 MatchID:162 
2013-04-19 3:11:14 - INFO  --> alles ok: SteamID:76561198047012055 MatchID:163 
2013-04-19 3:14:24 - INFO  --> update MatchTeams OK - SteamID:76561198047012055 MatchID:164 
2013-04-19 3:59:02 - INFO  --> update MatchTeams OK - SteamID:76561198047012055 MatchID:166 
2013-04-19 3:59:04 - INFO  --> update MatchTeams OK - SteamID:76561198036113593 MatchID:166 
2013-04-19 3:59:07 - INFO  --> update MatchTeams OK - SteamID:76561198075352540 MatchID:166 
2013-04-19 3:59:10 - INFO  --> update MatchTeams OK - SteamID:76561198046737906 MatchID:166 
2013-04-19 3:59:19 - INFO  --> update MatchTeams OK - SteamID:76561198062751593 MatchID:166 
2013-04-19 4:01:38 - INFO  --> update MatchTeams OK - SteamID:76561198047012055 MatchID:167 
2013-04-19 4:01:40 - INFO  --> update MatchTeams OK - SteamID:76561198075352540 MatchID:167 
2013-04-19 4:01:43 - INFO  --> update MatchTeams OK - SteamID:76561198046737906 MatchID:167 
2013-04-19 4:01:47 - INFO  --> update MatchTeams OK - SteamID:76561198036113593 MatchID:167 
2013-04-19 4:03:36 - INFO  --> update MatchTeams OK - SteamID:76561198047012055 MatchID:168 
2013-04-19 4:03:38 - INFO  --> update MatchTeams OK - SteamID:76561198046737906 MatchID:168 
2013-04-19 4:03:41 - INFO  --> update MatchTeams OK - SteamID:76561198075352540 MatchID:168 
2013-04-19 4:03:43 - INFO  --> update MatchTeams OK - SteamID:76561198036113593 MatchID:168 
2013-04-19 4:06:01 - INFO  --> update MatchTeams OK - SteamID:76561198047012055 MatchID:169 
2013-04-19 4:06:04 - INFO  --> update MatchTeams OK - SteamID:76561198046737906 MatchID:169 
2013-04-19 4:06:06 - INFO  --> update MatchTeams OK - SteamID:76561198075352540 MatchID:169 
2013-04-19 4:06:08 - INFO  --> update MatchTeams OK - SteamID:76561198036113593 MatchID:169 
2013-04-19 4:06:18 - INFO  --> update MatchTeams OK - SteamID:76561198062751593 MatchID:169 
2013-04-19 4:08:09 - INFO  --> update MatchTeams OK - SteamID:76561198047012055 MatchID:170 
2013-04-19 4:08:11 - INFO  --> update MatchTeams OK - SteamID:76561198046737906 MatchID:170 
2013-04-19 4:08:14 - INFO  --> update MatchTeams OK - SteamID:76561198075352540 MatchID:170 
2013-04-19 4:08:17 - INFO  --> update MatchTeams OK - SteamID:76561198036113593 MatchID:170 
2013-04-19 4:08:25 - INFO  --> update MatchTeams OK - SteamID:76561198062751593 MatchID:170 
2013-04-19 4:12:44 - INFO  --> update MatchTeams OK - SteamID:76561198047012055 MatchID:171 
2013-04-19 4:12:47 - INFO  --> update MatchTeams OK - SteamID:76561198036113593 MatchID:171 
2013-04-19 4:15:18 - INFO  --> update MatchTeams OK - SteamID:76561198047012055 MatchID:172 
2013-04-19 4:15:20 - INFO  --> update MatchTeams OK - SteamID:76561198036113593 MatchID:172 
2013-04-19 4:17:58 - INFO  --> update MatchTeams OK - SteamID:76561198047012055 MatchID:173 
2013-04-19 4:18:00 - INFO  --> update MatchTeams OK - SteamID:76561198036113593 MatchID:173 
2013-04-19 4:20:40 - INFO  --> update MatchTeams OK - SteamID:76561198047012055 MatchID:174 
2013-04-19 4:22:02 - INFO  --> update MatchTeams OK - SteamID:76561198047012055 MatchID:175 
2013-04-19 4:24:05 - INFO  --> update MatchTeams OK - SteamID:76561198047012055 MatchID:176 
2013-04-19 4:26:26 - INFO  --> update MatchTeams OK - SteamID:76561198047012055 MatchID:177 
2013-04-19 4:30:09 - INFO  --> update MatchTeams OK - SteamID:76561198047012055 MatchID:178 
2013-04-19 4:33:00 - INFO  --> update MatchTeams OK - SteamID:76561198047012055 MatchID:179 
2013-04-19 4:35:53 - INFO  --> update MatchTeams OK - SteamID:76561198047012055 MatchID:180 
2013-04-19 4:37:58 - INFO  --> update MatchTeams OK - SteamID:76561198047012055 MatchID:181 
2013-04-19 4:44:48 - INFO  --> MatchDetails werden eingetragen: MatchID:185 SteamID:76561198047012055 
2013-04-19 4:44:57 - INFO  --> update MatchTeams OK - SteamID:76561198047012055 MatchID:185 
2013-04-19 4:47:35 - INFO  --> MatchDetails werden eingetragen: MatchID:186 SteamID:76561198047012055 
2013-04-19 4:47:39 - INFO  --> update MatchTeams OK - SteamID:76561198047012055 MatchID:186 
2013-04-19 4:52:45 - INFO  --> MatchDetails werden eingetragen: MatchID:187 SteamID:76561198047012055 
2013-04-19 4:52:48 - INFO  --> update MatchTeams OK - SteamID:76561198047012055 MatchID:187 
2013-04-19 4:55:29 - INFO  --> MatchDetails werden eingetragen: MatchID:188 SteamID:76561198047012055 
2013-04-19 4:55:32 - INFO  --> update MatchTeams OK - SteamID:76561198047012055 MatchID:188 
2013-04-19 4:55:34 - INFO  --> update MatchTeams OK - SteamID:76561198036113593 MatchID:188 
2013-04-19 4:56:55 - INFO  --> MatchDetails werden eingetragen: MatchID:189 SteamID:76561198062751593 
2013-04-19 4:56:59 - INFO  --> update MatchTeams OK - SteamID:76561198047012055 MatchID:189 
2013-04-19 4:57:01 - INFO  --> update MatchTeams OK - SteamID:76561198046737906 MatchID:189 
2013-04-19 4:57:04 - INFO  --> update MatchTeams OK - SteamID:76561198075352540 MatchID:189 
2013-04-19 4:57:07 - INFO  --> update MatchTeams OK - SteamID:76561198036113593 MatchID:189 
2013-04-19 4:57:16 - INFO  --> update MatchTeams beim accepten fehlgeschlagen - SteamID:76561198062751593 MatchID:189 
2013-04-19 5:36:16 - INFO  --> MatchDetails werden eingetragen: MatchID:190 SteamID:76561198046737906 
2013-04-19 5:36:18 - INFO  --> update MatchTeams OK - SteamID:76561198047012055 MatchID:190 
2013-04-19 5:36:22 - INFO  --> update MatchTeams OK - SteamID:76561198046737906 MatchID:190 
2013-04-19 5:36:23 - INFO  --> update MatchTeams OK - SteamID:76561198062751593 MatchID:190 
2013-04-19 5:36:25 - INFO  --> update MatchTeams OK - SteamID:76561198075352540 MatchID:190 
2013-04-19 5:36:27 - INFO  --> update MatchTeams OK - SteamID:76561198036113593 MatchID:190 
2013-04-19 5:55:04 - INFO  --> MatchDetails werden eingetragen: MatchID:191 SteamID:76561198036113593 
2013-04-19 5:55:08 - INFO  --> update MatchTeams OK - SteamID:76561198047012055 MatchID:191 
2013-04-19 5:55:09 - INFO  --> update MatchTeams OK - SteamID:76561198062751593 MatchID:191 
2013-04-19 5:55:11 - INFO  --> update MatchTeams OK - SteamID:76561198046737906 MatchID:191 
2013-04-19 5:55:13 - INFO  --> update MatchTeams OK - SteamID:76561198075352540 MatchID:191 
2013-04-19 5:55:15 - INFO  --> update MatchTeams OK - SteamID:76561198036113593 MatchID:191 
2013-04-19 5:56:59 - INFO  --> MatchDetails werden eingetragen: MatchID:192 SteamID:76561198075352540 
2013-04-19 5:57:09 - INFO  --> update MatchTeams beim accepten fehlgeschlagen - SteamID:76561198047012055 MatchID:192 
2013-04-19 5:57:12 - INFO  --> update MatchTeams beim accepten fehlgeschlagen - SteamID:76561198046737906 MatchID:192 
2013-04-19 5:57:14 - INFO  --> update MatchTeams beim accepten fehlgeschlagen - SteamID:76561198062751593 MatchID:192 
2013-04-19 5:57:16 - INFO  --> update MatchTeams beim accepten fehlgeschlagen - SteamID:76561198075352540 MatchID:192 
2013-04-19 5:57:18 - INFO  --> update MatchTeams beim accepten fehlgeschlagen - SteamID:76561198036113593 MatchID:192 
2013-04-19 5:58:25 - INFO  --> MatchDetails werden eingetragen: MatchID:193 SteamID:76561198047012055 
2013-04-19 5:58:28 - INFO  --> update MatchTeams OK - SteamID:76561198047012055 MatchID:193 
2013-04-19 5:58:30 - INFO  --> update MatchTeams OK - SteamID:76561198075352540 MatchID:193 
2013-04-19 5:58:32 - INFO  --> update MatchTeams OK - SteamID:76561198062751593 MatchID:193 
2013-04-19 5:58:34 - INFO  --> update MatchTeams OK - SteamID:76561198046737906 MatchID:193 
2013-04-19 5:58:38 - INFO  --> update MatchTeams OK - SteamID:76561198036113593 MatchID:193 
2013-04-19 13:58:12 - INFO  --> MatchDetails werden eingetragen: MatchID:194 SteamID:76561198046737906 
2013-04-19 13:58:18 - INFO  --> update MatchTeams OK - SteamID:76561198047012055 MatchID:194 
2013-04-19 13:58:21 - INFO  --> update MatchTeams OK - SteamID:76561198046737906 MatchID:194 
2013-04-19 13:58:23 - INFO  --> update MatchTeams OK - SteamID:76561198075352540 MatchID:194 
2013-04-19 13:58:24 - INFO  --> update MatchTeams OK - SteamID:76561198036113593 MatchID:194 
2013-04-19 13:58:36 - INFO  --> update MatchTeams OK - SteamID:76561198062751593 MatchID:194 
2013-04-19 14:06:59 - INFO  --> MatchDetails werden eingetragen: MatchID:195 SteamID:76561198075352540 
2013-04-19 14:09:40 - INFO  --> MatchDetails werden eingetragen: MatchID:196 SteamID:76561198075352540 
2013-04-19 14:11:18 - INFO  --> MatchDetails werden eingetragen: MatchID:197 SteamID:76561198047012055 
